#! /usr/bin/vvp
:ivl_version "11.0 (stable)";
:ivl_delay_selection "TYPICAL";
:vpi_time_precision - 12;
:vpi_module "/usr/lib/x86_64-linux-gnu/ivl/system.vpi";
:vpi_module "/usr/lib/x86_64-linux-gnu/ivl/vhdl_sys.vpi";
:vpi_module "/usr/lib/x86_64-linux-gnu/ivl/vhdl_textio.vpi";
:vpi_module "/usr/lib/x86_64-linux-gnu/ivl/v2005_math.vpi";
:vpi_module "/usr/lib/x86_64-linux-gnu/ivl/va_math.vpi";
S_0x6166563117b0 .scope module, "pulse_sync_tb" "pulse_sync_tb" 2 3;
 .timescale -9 -12;
v0x616656328960_0 .var "a_reset", 0 0;
v0x616656328a00_0 .var "clk_a", 0 0;
v0x616656328aa0_0 .var "clk_b", 0 0;
v0x616656328b70_0 .var "pulse_in", 0 0;
v0x616656328c40_0 .net "pulse_out", 0 0, v0x6166563280e0_0;  1 drivers
S_0x616656311940 .scope module, "DUT" "pulse_synchronizer" 2 10, 3 1 0, S_0x6166563117b0;
 .timescale 0 0;
    .port_info 0 /INPUT 1 "clk_a";
    .port_info 1 /INPUT 1 "clk_b";
    .port_info 2 /INPUT 1 "pulse_in";
    .port_info 3 /INPUT 1 "a_reset";
    .port_info 4 /OUTPUT 1 "pulse_out";
v0x6166562fce40_0 .net "a_reset", 0 0, v0x616656328960_0;  1 drivers
v0x6166562fd170_0 .net "clk_a", 0 0, v0x616656328a00_0;  1 drivers
v0x6166562d7350_0 .net "clk_b", 0 0, v0x616656328aa0_0;  1 drivers
v0x6166562d77b0_0 .net "pulse_in", 0 0, v0x616656328b70_0;  1 drivers
v0x6166563280e0_0 .var "pulse_out", 0 0;
v0x6166563281f0_0 .var "q_a", 0 0;
v0x6166563282b0_0 .var "q_b1", 0 0;
v0x616656328370_0 .var "q_b2", 0 0;
v0x616656328430_0 .var "q_b3", 0 0;
E_0x616656312550 .event posedge, v0x6166562fce40_0, v0x6166562d7350_0;
E_0x616656313620 .event posedge, v0x6166562fce40_0, v0x6166562fd170_0;
S_0x616656328590 .scope task, "reset_dut" "reset_dut" 2 23, 2 23 0, S_0x6166563117b0;
 .timescale -9 -12;
E_0x616656314890 .event negedge, v0x6166562fd170_0;
E_0x6166562f99f0 .event negedge, v0x6166562d7350_0;
TD_pulse_sync_tb.reset_dut ;
    %wait E_0x616656314890;
    %pushi/vec4 1, 0, 1;
    %store/vec4 v0x616656328960_0, 0, 1;
    %pushi/vec4 0, 0, 1;
    %store/vec4 v0x616656328b70_0, 0, 1;
    %wait E_0x6166562f99f0;
    %wait E_0x6166562f99f0;
    %wait E_0x616656314890;
    %pushi/vec4 0, 0, 1;
    %store/vec4 v0x616656328960_0, 0, 1;
    %end;
S_0x616656328780 .scope task, "send_pulse" "send_pulse" 2 37, 2 37 0, S_0x6166563117b0;
 .timescale -9 -12;
TD_pulse_sync_tb.send_pulse ;
    %wait E_0x616656314890;
    %pushi/vec4 1, 0, 1;
    %store/vec4 v0x616656328b70_0, 0, 1;
    %wait E_0x616656314890;
    %pushi/vec4 0, 0, 1;
    %store/vec4 v0x616656328b70_0, 0, 1;
    %end;
    .scope S_0x616656311940;
T_2 ;
    %wait E_0x616656313620;
    %load/vec4 v0x6166562fce40_0;
    %cmpi/e 1, 0, 1;
    %jmp/0xz  T_2.0, 4;
    %pushi/vec4 0, 0, 1;
    %assign/vec4 v0x6166563281f0_0, 0;
    %jmp T_2.1;
T_2.0 ;
    %load/vec4 v0x6166562d77b0_0;
    %cmpi/e 1, 0, 1;
    %jmp/0xz  T_2.2, 4;
    %load/vec4 v0x6166563281f0_0;
    %inv;
    %assign/vec4 v0x6166563281f0_0, 0;
T_2.2 ;
T_2.1 ;
    %jmp T_2;
    .thread T_2;
    .scope S_0x616656311940;
T_3 ;
    %wait E_0x616656312550;
    %load/vec4 v0x6166562fce40_0;
    %cmpi/e 1, 0, 1;
    %jmp/0xz  T_3.0, 4;
    %pushi/vec4 0, 0, 4;
    %split/vec4 1;
    %assign/vec4 v0x6166563280e0_0, 0;
    %split/vec4 1;
    %assign/vec4 v0x616656328430_0, 0;
    %split/vec4 1;
    %assign/vec4 v0x616656328370_0, 0;
    %assign/vec4 v0x6166563282b0_0, 0;
    %jmp T_3.1;
T_3.0 ;
    %load/vec4 v0x6166563281f0_0;
    %assign/vec4 v0x6166563282b0_0, 0;
    %load/vec4 v0x6166563282b0_0;
    %assign/vec4 v0x616656328370_0, 0;
    %load/vec4 v0x616656328370_0;
    %assign/vec4 v0x616656328430_0, 0;
    %load/vec4 v0x616656328370_0;
    %load/vec4 v0x616656328430_0;
    %xor;
    %assign/vec4 v0x6166563280e0_0, 0;
T_3.1 ;
    %jmp T_3;
    .thread T_3;
    .scope S_0x6166563117b0;
T_4 ;
    %vpi_call 2 19 "$dumpfile", "simulation.vcd" {0 0 0};
    %vpi_call 2 20 "$dumpvars", 32'sb00000000000000000000000000000000, S_0x6166563117b0 {0 0 0};
    %end;
    .thread T_4;
    .scope S_0x6166563117b0;
T_5 ;
    %pushi/vec4 0, 0, 2;
    %split/vec4 1;
    %store/vec4 v0x616656328aa0_0, 0, 1;
    %store/vec4 v0x616656328a00_0, 0, 1;
    %end;
    .thread T_5;
    .scope S_0x6166563117b0;
T_6 ;
    %delay 5000, 0;
    %load/vec4 v0x616656328a00_0;
    %inv;
    %store/vec4 v0x616656328a00_0, 0, 1;
    %jmp T_6;
    .thread T_6;
    .scope S_0x6166563117b0;
T_7 ;
    %delay 12500, 0;
    %load/vec4 v0x616656328aa0_0;
    %inv;
    %store/vec4 v0x616656328aa0_0, 0, 1;
    %jmp T_7;
    .thread T_7;
    .scope S_0x6166563117b0;
T_8 ;
    %fork TD_pulse_sync_tb.reset_dut, S_0x616656328590;
    %join;
    %delay 20000, 0;
    %fork TD_pulse_sync_tb.send_pulse, S_0x616656328780;
    %join;
    %delay 500000, 0;
    %vpi_call 2 62 "$finish" {0 0 0};
    %end;
    .thread T_8;
# The file index is used to find the file name in the following table.
:file_names 4;
    "N/A";
    "<interactive>";
    "../tb/pulse_sync_tb.v";
    "../rtl/pulse_sync.v";
